Performing C++ SOURCE FILE Test SDL2PP_WITH_EXPERIMENTAL_OPTIONAL failed with the following output:
Change Dir: /home/crist/Documentos/Repos/taller I/Dune/build/CMakeFiles/CMakeTmp

Run Build Command(s):/usr/bin/make cmTC_7d3c3/fast && /usr/bin/make -f CMakeFiles/cmTC_7d3c3.dir/build.make CMakeFiles/cmTC_7d3c3.dir/build
make[1]: se entra en el directorio '/home/crist/Documentos/Repos/taller I/Dune/build/CMakeFiles/CMakeTmp'
Building CXX object CMakeFiles/cmTC_7d3c3.dir/src.cxx.o
/usr/bin/c++    -std=c++11 -ggdb -DDEBUG -Wall -fno-inline -pedantic -pedantic-errors -pthread -std=c++11 -DSDL2PP_WITH_EXPERIMENTAL_OPTIONAL   -o CMakeFiles/cmTC_7d3c3.dir/src.cxx.o -c "/home/crist/Documentos/Repos/taller I/Dune/build/CMakeFiles/CMakeTmp/src.cxx"
/home/crist/Documentos/Repos/taller I/Dune/build/CMakeFiles/CMakeTmp/src.cxx: In function ‘int main()’:
/home/crist/Documentos/Repos/taller I/Dune/build/CMakeFiles/CMakeTmp/src.cxx:2:19: error: ‘std::experimental’ has not been declared
    2 | int main() { std::experimental::optional<int> o; return !o; }
      |                   ^~~~~~~~~~~~
/home/crist/Documentos/Repos/taller I/Dune/build/CMakeFiles/CMakeTmp/src.cxx:2:42: error: expected primary-expression before ‘int’
    2 | int main() { std::experimental::optional<int> o; return !o; }
      |                                          ^~~
/home/crist/Documentos/Repos/taller I/Dune/build/CMakeFiles/CMakeTmp/src.cxx:2:58: error: ‘o’ was not declared in this scope
    2 | int main() { std::experimental::optional<int> o; return !o; }
      |                                                          ^
make[1]: *** [CMakeFiles/cmTC_7d3c3.dir/build.make:66: CMakeFiles/cmTC_7d3c3.dir/src.cxx.o] Error 1
make[1]: se sale del directorio '/home/crist/Documentos/Repos/taller I/Dune/build/CMakeFiles/CMakeTmp'
make: *** [Makefile:121: cmTC_7d3c3/fast] Error 2


Source file was:
#include <experimental/optional>
int main() { std::experimental::optional<int> o; return !o; }
