Performing C++ SOURCE FILE Test SDL2PP_WITH_EXPERIMENTAL_OPTIONAL failed with the following output:
Change Dir: /home/pilar/Escritorio/tp3_taller/Dune_TP3/client/client_interface/CMakeFiles/CMakeTmp

Run Build Command(s):/usr/bin/make cmTC_574d0/fast && make[1]: Entering directory '/home/pilar/Escritorio/tp3_taller/Dune_TP3/client/client_interface/CMakeFiles/CMakeTmp'
/usr/bin/make -f CMakeFiles/cmTC_574d0.dir/build.make CMakeFiles/cmTC_574d0.dir/build
make[2]: Entering directory '/home/pilar/Escritorio/tp3_taller/Dune_TP3/client/client_interface/CMakeFiles/CMakeTmp'
Building CXX object CMakeFiles/cmTC_574d0.dir/src.cxx.o
/usr/bin/c++    -std=c++11 -DSDL2PP_WITH_EXPERIMENTAL_OPTIONAL   -o CMakeFiles/cmTC_574d0.dir/src.cxx.o -c /home/pilar/Escritorio/tp3_taller/Dune_TP3/client/client_interface/CMakeFiles/CMakeTmp/src.cxx
/home/pilar/Escritorio/tp3_taller/Dune_TP3/client/client_interface/CMakeFiles/CMakeTmp/src.cxx: In function ‘int main()’:
/home/pilar/Escritorio/tp3_taller/Dune_TP3/client/client_interface/CMakeFiles/CMakeTmp/src.cxx:2:19: error: ‘std::experimental’ has not been declared
    2 | int main() { std::experimental::optional<int> o; return !o; }
      |                   ^~~~~~~~~~~~
/home/pilar/Escritorio/tp3_taller/Dune_TP3/client/client_interface/CMakeFiles/CMakeTmp/src.cxx:2:42: error: expected primary-expression before ‘int’
    2 | int main() { std::experimental::optional<int> o; return !o; }
      |                                          ^~~
/home/pilar/Escritorio/tp3_taller/Dune_TP3/client/client_interface/CMakeFiles/CMakeTmp/src.cxx:2:58: error: ‘o’ was not declared in this scope
    2 | int main() { std::experimental::optional<int> o; return !o; }
      |                                                          ^
make[2]: *** [CMakeFiles/cmTC_574d0.dir/build.make:66: CMakeFiles/cmTC_574d0.dir/src.cxx.o] Error 1
make[2]: Leaving directory '/home/pilar/Escritorio/tp3_taller/Dune_TP3/client/client_interface/CMakeFiles/CMakeTmp'
make[1]: *** [Makefile:121: cmTC_574d0/fast] Error 2
make[1]: Leaving directory '/home/pilar/Escritorio/tp3_taller/Dune_TP3/client/client_interface/CMakeFiles/CMakeTmp'


Source file was:
#include <experimental/optional>
int main() { std::experimental::optional<int> o; return !o; }
<<<<<<< HEAD
=======
Performing C++ SOURCE FILE Test SDL2PP_WITH_EXPERIMENTAL_OPTIONAL failed with the following output:
Change Dir: /home/florencia/taller/repo_grupo/client/client_interface/CMakeFiles/CMakeTmp

Run Build Command(s):/usr/bin/gmake cmTC_c91f3/fast && gmake[1]: Entering directory '/home/florencia/taller/repo_grupo/client/client_interface/CMakeFiles/CMakeTmp'
/usr/bin/gmake  -f CMakeFiles/cmTC_c91f3.dir/build.make CMakeFiles/cmTC_c91f3.dir/build
gmake[2]: Entering directory '/home/florencia/taller/repo_grupo/client/client_interface/CMakeFiles/CMakeTmp'
Building CXX object CMakeFiles/cmTC_c91f3.dir/src.cxx.o
/usr/bin/c++   -std=c++11 -ggdb -DDEBUG -Wall -fno-inline -pedantic -pedantic-errors -pthread -std=c++11 -DSDL2PP_WITH_EXPERIMENTAL_OPTIONAL -o CMakeFiles/cmTC_c91f3.dir/src.cxx.o -c /home/florencia/taller/repo_grupo/client/client_interface/CMakeFiles/CMakeTmp/src.cxx
/home/florencia/taller/repo_grupo/client/client_interface/CMakeFiles/CMakeTmp/src.cxx: In function ‘int main()’:
/home/florencia/taller/repo_grupo/client/client_interface/CMakeFiles/CMakeTmp/src.cxx:2:19: error: ‘std::experimental’ has not been declared
    2 | int main() { std::experimental::optional<int> o; return !o; }
      |                   ^~~~~~~~~~~~
/home/florencia/taller/repo_grupo/client/client_interface/CMakeFiles/CMakeTmp/src.cxx:2:42: error: expected primary-expression before ‘int’
    2 | int main() { std::experimental::optional<int> o; return !o; }
      |                                          ^~~
/home/florencia/taller/repo_grupo/client/client_interface/CMakeFiles/CMakeTmp/src.cxx:2:58: error: ‘o’ was not declared in this scope
    2 | int main() { std::experimental::optional<int> o; return !o; }
      |                                                          ^
gmake[2]: *** [CMakeFiles/cmTC_c91f3.dir/build.make:85: CMakeFiles/cmTC_c91f3.dir/src.cxx.o] Error 1
gmake[2]: Leaving directory '/home/florencia/taller/repo_grupo/client/client_interface/CMakeFiles/CMakeTmp'
gmake[1]: *** [Makefile:140: cmTC_c91f3/fast] Error 2
gmake[1]: Leaving directory '/home/florencia/taller/repo_grupo/client/client_interface/CMakeFiles/CMakeTmp'


Source file was:
#include <experimental/optional>
int main() { std::experimental::optional<int> o; return !o; }
>>>>>>> 36cfca8b5fc3e40013363ce7346d4da70ed724dd
